Using pre-set license
Built from '2020.3/staging' branch; Version is '2020.3.11f1 (99c7afb366b3) revision 10078127'; Using compiler version '192528614'; Build Type 'Release'
OS: 'Windows 10 Pro; OS build 19044.1586; Version 2009; 64bit' Language: 'ja' Physical Memory: 195230 MB
BatchMode: 1, IsHumanControllingUs: 0, StartBugReporterOnCrash: 0, Is64bit: 1, IsPro: 0

 COMMAND LINE ARGUMENTS:
C:\Program Files\Unity\Hub\Editor\2020.3.11f1\Editor\Unity.exe
-adb2
-batchMode
-noUpm
-name
AssetImportWorker0
-projectPath
C:/Users/agx/Desktop/ConstSim-opera/ConstSim-opera
-logFile
Logs/AssetImportWorker0.log
-srvPort
63519
Successfully changed project path to: C:/Users/agx/Desktop/ConstSim-opera/ConstSim-opera
C:/Users/agx/Desktop/ConstSim-opera/ConstSim-opera
Using Asset Import Pipeline V2.
Refreshing native plugins compatible for Editor in 1374.67 ms, found 27 plugins.
Preloading 20 native plugins for Editor in 21.82 ms.
Initialize engine version: 2020.3.11f1 (99c7afb366b3)
[Subsystems] Discovering subsystems at path C:/Program Files/Unity/Hub/Editor/2020.3.11f1/Editor/Data/Resources/UnitySubsystems
[Subsystems] Discovering subsystems at path C:/Users/agx/Desktop/ConstSim-opera/ConstSim-opera/Assets
GfxDevice: creating device client; threaded=0
Direct3D:
    Version:  Direct3D 11.0 [level 11.1]
    Renderer: NVIDIA Quadro GV100 (ID=0x1dba)
    Vendor:   
    VRAM:     32563 MB
    Driver:   26.21.14.3102
Initialize mono
Mono path[0] = 'C:/Program Files/Unity/Hub/Editor/2020.3.11f1/Editor/Data/Managed'
Mono path[1] = 'C:/Program Files/Unity/Hub/Editor/2020.3.11f1/Editor/Data/MonoBleedingEdge/lib/mono/unityjit'
Mono config path = 'C:/Program Files/Unity/Hub/Editor/2020.3.11f1/Editor/Data/MonoBleedingEdge/etc'
Using monoOptions --debugger-agent=transport=dt_socket,embedding=1,server=y,suspend=n,address=127.0.0.1:56892
Begin MonoManager ReloadAssembly
Registering precompiled unity dll's ...
Register platform support module: C:/Program Files/Unity/Hub/Editor/2020.3.11f1/Editor/Data/PlaybackEngines/WindowsStandaloneSupport/UnityEditor.WindowsStandalone.Extensions.dll
Registered in 0.184031 seconds.
Native extension for WindowsStandalone target not found
Refreshing native plugins compatible for Editor in 69.22 ms, found 27 plugins.
Preloading 20 native plugins for Editor in 1.05 ms.
Mono: successfully reloaded assembly
- Completed reload, in  4.805 seconds
Platform modules already initialized, skipping
Registering precompiled user dll's ...
Registered in 1.279697 seconds.
Begin MonoManager ReloadAssembly
Native extension for WindowsStandalone target not found
Refreshing native plugins compatible for Editor in 69.32 ms, found 27 plugins.
Preloading 20 native plugins for Editor in 1.06 ms.
Mono: successfully reloaded assembly
- Completed reload, in  5.217 seconds
Platform modules already initialized, skipping
========================================================================
Worker process is ready to serve import requests
Launched and connected shader compiler UnityShaderCompiler.exe after 0.12 seconds
Refreshing native plugins compatible for Editor in 1.07 ms, found 27 plugins.
Preloading 20 native plugins for Editor in 0.78 ms.
Unloading 2220 Unused Serialized files (Serialized files now loaded: 0)
System memory in use before: 107.6 MB.
System memory in use after: 107.7 MB.

Unloading 62 unused Assets to reduce memory usage. Loaded Objects now: 2638.
Total: 7.016500 ms (FindLiveObjects: 0.449200 ms CreateObjectMapping: 0.231800 ms MarkObjects: 6.033400 ms  DeleteObjects: 0.300100 ms)

========================================================================
Received Import Request.
  path: Assets/AGXUnity/Resources/agx_icon_small.png
  artifactKey: Guid(668b93608db4ead45925bb96256b2c9f) Importer(815301076,1909f56bfc062723c751e8b465ee728b)
Start importing Assets/AGXUnity/Resources/agx_icon_small.png using Guid(668b93608db4ead45925bb96256b2c9f) Importer(815301076,1909f56bfc062723c751e8b465ee728b)  -> (artifact id: '867abaab324a946d79b9377a1adc0f4e') in 0.137095 seconds
  Import took 0.143771 seconds .

========================================================================
Received Import Request.
  Time since last request: 0.000569 seconds.
  path: Assets/AGXUnity/Resources/AGXUnitySceneViewGUISkin.guiskin
  artifactKey: Guid(aa9257137a5ca8f4980903c72f60e014) Importer(815301076,1909f56bfc062723c751e8b465ee728b)
Start importing Assets/AGXUnity/Resources/AGXUnitySceneViewGUISkin.guiskin using Guid(aa9257137a5ca8f4980903c72f60e014) Importer(815301076,1909f56bfc062723c751e8b465ee728b)  -> (artifact id: 'b051423cbd7903d78caa2aadbb44213d') in 0.025489 seconds
  Import took 0.029037 seconds .

AssetImportWorkerClient::OnTransportError - code=2 error=End of file
